#
# There is insufficient memory for the Java Runtime Environment to continue.
# Native memory allocation (malloc) failed to allocate 32744 bytes for ChunkPool::allocate
# Possible reasons:
#   The system is out of physical RAM or swap space
#   In 32 bit mode, the process size limit was hit
# Possible solutions:
#   Reduce memory load on the system
#   Increase physical memory or swap space
#   Check if swap backing store is full
#   Use 64 bit Java on a 64 bit OS
#   Decrease Java heap size (-Xmx/-Xms)
#   Decrease number of Java threads
#   Decrease Java thread stack sizes (-Xss)
#   Set larger code cache with -XX:ReservedCodeCacheSize=
# This output file may be truncated or incomplete.
#
#  Out of Memory Error (allocation.cpp:273), pid=15728, tid=0x000000000000338c
#
# JRE version: OpenJDK Runtime Environment (8.0_152-b06) (build 1.8.0_152-release-1136-b06)
# Java VM: OpenJDK 64-Bit Server VM (25.152-b06 mixed mode windows-amd64 compressed oops)
# Failed to write core dump. Minidumps are not enabled by default on client versions of Windows
#

---------------  T H R E A D  ---------------

Current thread (0x0000000016810000):  JavaThread "C2 CompilerThread0" daemon [_thread_in_native, id=13196, stack(0x00000000181e0000,0x00000000182e0000)]

Stack: [0x00000000181e0000,0x00000000182e0000]
[error occurred during error reporting (printing stack bounds), id 0xc0000005]

Native frames: (J=compiled Java code, j=interpreted, Vv=VM code, C=native code)


Current CompileTask:
C2:  11084 1409       4       java.net.URLClassLoader$1::run (5 bytes)


---------------  P R O C E S S  ---------------

Java Threads: ( => current thread )
  0x0000000019511800 JavaThread "Stdin handler" [_thread_blocked, id=25096, stack(0x000000001aab0000,0x000000001abb0000)]
  0x0000000019511000 JavaThread "Asynchronous log dispatcher for DefaultDaemonConnection: socket connection from /127.0.0.1:53764 to /127.0.0.1:53766" [_thread_blocked, id=19204, stack(0x000000001a9b0000,0x000000001aab0000)]
  0x0000000017e2c800 JavaThread "Daemon worker" [_thread_in_vm, id=18576, stack(0x000000001a8b0000,0x000000001a9b0000)]
  0x0000000017e2b800 JavaThread "Cancel handler" [_thread_blocked, id=25216, stack(0x000000001a7b0000,0x000000001a8b0000)]
  0x00000000197da800 JavaThread "Handler for socket connection from /127.0.0.1:53764 to /127.0.0.1:53766" [_thread_in_native, id=5188, stack(0x000000001a4b0000,0x000000001a5b0000)]
  0x00000000197d3000 JavaThread "Daemon" [_thread_blocked, id=21552, stack(0x000000001a3b0000,0x000000001a4b0000)]
  0x000000001890c800 JavaThread "Daemon periodic checks" [_thread_blocked, id=15996, stack(0x000000001a2b0000,0x000000001a3b0000)]
  0x000000001890c000 JavaThread "Incoming local TCP Connector on port 53764" [_thread_in_native, id=7008, stack(0x000000001a0d0000,0x000000001a1d0000)]
  0x0000000017c64800 JavaThread "Service Thread" daemon [_thread_blocked, id=16312, stack(0x00000000184e0000,0x00000000185e0000)]
  0x0000000017bf0800 JavaThread "C1 CompilerThread2" daemon [_thread_blocked, id=23948, stack(0x00000000183e0000,0x00000000184e0000)]
  0x0000000017be9000 JavaThread "C2 CompilerThread1" daemon [_thread_in_native, id=16148, stack(0x00000000182e0000,0x00000000183e0000)]
=>0x0000000016810000 JavaThread "C2 CompilerThread0" daemon [_thread_in_native, id=13196, stack(0x00000000181e0000,0x00000000182e0000)]
  0x00000000167f8000 JavaThread "Attach Listener" daemon [_thread_blocked, id=17480, stack(0x00000000180e0000,0x00000000181e0000)]
  0x0000000017be8800 JavaThread "Signal Dispatcher" daemon [_thread_blocked, id=8720, stack(0x0000000017fe0000,0x00000000180e0000)]
  0x0000000002e8d000 JavaThread "Finalizer" daemon [_thread_blocked, id=8160, stack(0x0000000017a50000,0x0000000017b50000)]
  0x0000000002e82000 JavaThread "Reference Handler" daemon [_thread_blocked, id=13448, stack(0x0000000017950000,0x0000000017a50000)]
  0x0000000002d92800 JavaThread "main" [_thread_blocked, id=14240, stack(0x0000000002be0000,0x0000000002ce0000)]

Other Threads:
  0x00000000167c6800 VMThread [stack: 0x0000000017850000,0x0000000017950000] [id=23624]
  0x0000000017c65000 WatcherThread [stack: 0x00000000185e0000,0x00000000186e0000] [id=23952]

VM state:not at safepoint (normal execution)

VM Mutex/Monitor currently owned by a thread:  ([mutex/lock_event])
[0x0000000002d8e1a0] SystemDictionary_lock - owner thread: 0x0000000000000000

Heap:
 PSYoungGen      total 36352K, used 11617K [0x00000000e0000000, 0x00000000e2880000, 0x0000000100000000)
  eden space 31232K, 20% used [0x00000000e0000000,0x00000000e0658980,0x00000000e1e80000)
  from space 5120K, 99% used [0x00000000e1e80000,0x00000000e237fb40,0x00000000e2380000)
  to   space 5120K, 0% used [0x00000000e2380000,0x00000000e2380000,0x00000000e2880000)
 ParOldGen       total 83456K, used 1487K [0x00000000a0000000, 0x00000000a5180000, 0x00000000e0000000)
  object space 83456K, 1% used [0x00000000a0000000,0x00000000a0173ec0,0x00000000a5180000)
 Metaspace       used 14075K, capacity 14440K, committed 14720K, reserved 1062912K
  class space    used 1953K, capacity 2096K, committed 2176K, reserved 1048576K

Card table byte_map: [0x0000000012250000,0x0000000012560000] byte_map_base: 0x0000000011d50000

Marking Bits: (ParMarkBitMap*) 0x000000006f375aa0
 Begin Bits: [0x0000000012b60000, 0x0000000014360000)
 End Bits:   [0x0000000014360000, 0x0000000015b60000)

Polling page: 0x00000000007e0000

CodeCache: size=245760Kb used=4880Kb max_used=4891Kb free=240879Kb
 bounds [0x0000000002e90000, 0x0000000003360000, 0x0000000011e90000]
 total_blobs=1776 nmethods=1408 adapters=282
 compilation: enabled

Compilation events (10 events):
Event: 11.050 Thread 0x0000000017bf0800 1405       3       org.gradle.internal.service.DefaultServiceRegistry$OwnServices::getProviders (26 bytes)
Event: 11.050 Thread 0x0000000017bf0800 nmethod 1405 0x0000000003352790 code [0x0000000003352920, 0x0000000003352ce8]
Event: 11.050 Thread 0x0000000017bf0800 1406       3       java.util.Collections::emptyList (4 bytes)
Event: 11.050 Thread 0x0000000017bf0800 nmethod 1406 0x0000000003352490 code [0x00000000033525e0, 0x0000000003352710]
Event: 11.050 Thread 0x0000000017bf0800 1407       3       org.gradle.internal.service.DefaultServiceRegistry::find (151 bytes)
Event: 11.052 Thread 0x0000000017bf0800 nmethod 1407 0x0000000003356f90 code [0x00000000033572e0, 0x0000000003358eb8]
Event: 11.056 Thread 0x0000000017be9000 1408   !   4       java.net.URLClassLoader::findClass (47 bytes)
Event: 11.058 Thread 0x0000000017be9000 nmethod 1408 0x0000000003359c10 code [0x0000000003359da0, 0x0000000003359f98]
Event: 11.062 Thread 0x0000000016810000 1409       4       java.net.URLClassLoader$1::run (5 bytes)
Event: 11.062 Thread 0x0000000017be9000 1410   !   4       java.net.URLClassLoader$1::run (63 bytes)

GC Heap History (6 events):
Event: 2.833 GC heap before
{Heap before GC invocations=1 (full 0):
 PSYoungGen      total 36352K, used 31232K [0x00000000e0000000, 0x00000000e2880000, 0x0000000100000000)
  eden space 31232K, 100% used [0x00000000e0000000,0x00000000e1e80000,0x00000000e1e80000)
  from space 5120K, 0% used [0x00000000e2380000,0x00000000e2380000,0x00000000e2880000)
  to   space 5120K, 0% used [0x00000000e1e80000,0x00000000e1e80000,0x00000000e2380000)
 ParOldGen       total 83456K, used 0K [0x00000000a0000000, 0x00000000a5180000, 0x00000000e0000000)
  object space 83456K, 0% used [0x00000000a0000000,0x00000000a0000000,0x00000000a5180000)
 Metaspace       used 7022K, capacity 7194K, committed 7424K, reserved 1056768K
  class space    used 850K, capacity 911K, committed 1024K, reserved 1048576K
Event: 2.852 GC heap after
Heap after GC invocations=1 (full 0):
 PSYoungGen      total 36352K, used 4569K [0x00000000e0000000, 0x00000000e2880000, 0x0000000100000000)
  eden space 31232K, 0% used [0x00000000e0000000,0x00000000e0000000,0x00000000e1e80000)
  from space 5120K, 89% used [0x00000000e1e80000,0x00000000e22f6588,0x00000000e2380000)
  to   space 5120K, 0% used [0x00000000e2380000,0x00000000e2380000,0x00000000e2880000)
 ParOldGen       total 83456K, used 8K [0x00000000a0000000, 0x00000000a5180000, 0x00000000e0000000)
  object space 83456K, 0% used [0x00000000a0000000,0x00000000a0002000,0x00000000a5180000)
 Metaspace       used 7022K, capacity 7194K, committed 7424K, reserved 1056768K
  class space    used 850K, capacity 911K, committed 1024K, reserved 1048576K
}
Event: 3.848 GC heap before
{Heap before GC invocations=2 (full 0):
 PSYoungGen      total 36352K, used 35801K [0x00000000e0000000, 0x00000000e2880000, 0x0000000100000000)
  eden space 31232K, 100% used [0x00000000e0000000,0x00000000e1e80000,0x00000000e1e80000)
  from space 5120K, 89% used [0x00000000e1e80000,0x00000000e22f6588,0x00000000e2380000)
  to   space 5120K, 0% used [0x00000000e2380000,0x00000000e2380000,0x00000000e2880000)
 ParOldGen       total 83456K, used 8K [0x00000000a0000000, 0x00000000a5180000, 0x00000000e0000000)
  object space 83456K, 0% used [0x00000000a0000000,0x00000000a0002000,0x00000000a5180000)
 Metaspace       used 9491K, capacity 9774K, committed 10112K, reserved 1058816K
  class space    used 1246K, capacity 1361K, committed 1408K, reserved 1048576K
Event: 3.859 GC heap after
Heap after GC invocations=2 (full 0):
 PSYoungGen      total 36352K, used 4839K [0x00000000e0000000, 0x00000000e2880000, 0x0000000100000000)
  eden space 31232K, 0% used [0x00000000e0000000,0x00000000e0000000,0x00000000e1e80000)
  from space 5120K, 94% used [0x00000000e2380000,0x00000000e2839e40,0x00000000e2880000)
  to   space 5120K, 0% used [0x00000000e1e80000,0x00000000e1e80000,0x00000000e2380000)
 ParOldGen       total 83456K, used 16K [0x00000000a0000000, 0x00000000a5180000, 0x00000000e0000000)
  object space 83456K, 0% used [0x00000000a0000000,0x00000000a0004000,0x00000000a5180000)
 Metaspace       used 9491K, capacity 9774K, committed 10112K, reserved 1058816K
  class space    used 1246K, capacity 1361K, committed 1408K, reserved 1048576K
}
Event: 10.930 GC heap before
{Heap before GC invocations=3 (full 0):
 PSYoungGen      total 36352K, used 36071K [0x00000000e0000000, 0x00000000e2880000, 0x0000000100000000)
  eden space 31232K, 100% used [0x00000000e0000000,0x00000000e1e80000,0x00000000e1e80000)
  from space 5120K, 94% used [0x00000000e2380000,0x00000000e2839e40,0x00000000e2880000)
  to   space 5120K, 0% used [0x00000000e1e80000,0x00000000e1e80000,0x00000000e2380000)
 ParOldGen       total 83456K, used 16K [0x00000000a0000000, 0x00000000a5180000, 0x00000000e0000000)
  object space 83456K, 0% used [0x00000000a0000000,0x00000000a0004000,0x00000000a5180000)
 Metaspace       used 13331K, capacity 13732K, committed 13824K, reserved 1060864K
  class space    used 1830K, capacity 1966K, committed 2048K, reserved 1048576K
Event: 10.938 GC heap after
Heap after GC invocations=3 (full 0):
 PSYoungGen      total 36352K, used 5118K [0x00000000e0000000, 0x00000000e2880000, 0x0000000100000000)
  eden space 31232K, 0% used [0x00000000e0000000,0x00000000e0000000,0x00000000e1e80000)
  from space 5120K, 99% used [0x00000000e1e80000,0x00000000e237fb40,0x00000000e2380000)
  to   space 5120K, 0% used [0x00000000e2380000,0x00000000e2380000,0x00000000e2880000)
 ParOldGen       total 83456K, used 1487K [0x00000000a0000000, 0x00000000a5180000, 0x00000000e0000000)
  object space 83456K, 1% used [0x00000000a0000000,0x00000000a0173ec0,0x00000000a5180000)
 Metaspace       used 13331K, capacity 13732K, committed 13824K, reserved 1060864K
  class space    used 1830K, capacity 1966K, committed 2048K, reserved 1048576K
}

Deoptimization events (10 events):
Event: 3.542 Thread 0x0000000002d92800 Uncommon trap: reason=unstable_if action=reinterpret pc=0x00000000030ffab4 method=java.util.HashMap.getNode(ILjava/lang/Object;)Ljava/util/HashMap$Node; @ 62
Event: 3.826 Thread 0x0000000002d92800 Uncommon trap: reason=bimorphic action=maybe_recompile pc=0x00000000031d6b54 method=java.util.HashMap.putVal(ILjava/lang/Object;Ljava/lang/Object;ZZ)Ljava/lang/Object; @ 203
Event: 5.484 Thread 0x0000000002d92800 Uncommon trap: reason=unstable_if action=reinterpret pc=0x000000000313a244 method=java.io.WinNTFileSystem.normalize(Ljava/lang/String;)Ljava/lang/String; @ 128
Event: 5.484 Thread 0x0000000002d92800 Uncommon trap: reason=unstable_if action=reinterpret pc=0x00000000031c4710 method=java.io.WinNTFileSystem.normalize(Ljava/lang/String;II)Ljava/lang/String; @ 90
Event: 10.415 Thread 0x00000000197da800 Uncommon trap: reason=unstable_if action=reinterpret pc=0x00000000032c7170 method=java.util.concurrent.ConcurrentHashMap.putVal(Ljava/lang/Object;Ljava/lang/Object;Z)Ljava/lang/Object; @ 206
Event: 10.599 Thread 0x0000000017e2c800 Uncommon trap: reason=bimorphic action=maybe_recompile pc=0x00000000031d6498 method=java.util.HashMap.putVal(ILjava/lang/Object;Ljava/lang/Object;ZZ)Ljava/lang/Object; @ 253
Event: 10.599 Thread 0x0000000017e2c800 Uncommon trap: reason=bimorphic action=maybe_recompile pc=0x00000000031d6498 method=java.util.HashMap.putVal(ILjava/lang/Object;Ljava/lang/Object;ZZ)Ljava/lang/Object; @ 253
Event: 10.599 Thread 0x0000000017e2c800 Uncommon trap: reason=bimorphic action=maybe_recompile pc=0x00000000031d6498 method=java.util.HashMap.putVal(ILjava/lang/Object;Ljava/lang/Object;ZZ)Ljava/lang/Object; @ 253
Event: 10.966 Thread 0x0000000017e2c800 Uncommon trap: reason=class_check action=maybe_recompile pc=0x000000000310ed1c method=java.util.regex.Matcher.match(II)Z @ 86
Event: 10.966 Thread 0x0000000017e2c800 Uncommon trap: reason=class_check action=maybe_recompile pc=0x000000000310ed1c method=java.util.regex.Matcher.match(II)Z @ 86

Classes redefined (0 events):
No events

Internal exceptions (10 events):
Event: 10.449 Thread 0x00000000197da800 Exception <a 'java/lang/NoSuchMethodError': <clinit>> (0x00000000e0936070) thrown at [D:\src\AOSP-openjdk-cygwin\jdk8u\hotspot\src\share\vm\prims\jni.cpp, line 1613]
Event: 10.452 Thread 0x00000000197da800 Exception <a 'java/lang/NoSuchMethodError': <clinit>> (0x00000000e0947770) thrown at [D:\src\AOSP-openjdk-cygwin\jdk8u\hotspot\src\share\vm\prims\jni.cpp, line 1613]
Event: 10.484 Thread 0x00000000197da800 Exception <a 'java/lang/NoSuchMethodError': <clinit>> (0x00000000e09bbe58) thrown at [D:\src\AOSP-openjdk-cygwin\jdk8u\hotspot\src\share\vm\prims\jni.cpp, line 1613]
Event: 10.489 Thread 0x00000000197da800 Exception <a 'java/lang/NoSuchMethodError': <clinit>> (0x00000000e09e10d8) thrown at [D:\src\AOSP-openjdk-cygwin\jdk8u\hotspot\src\share\vm\prims\jni.cpp, line 1613]
Event: 10.495 Thread 0x00000000197da800 Exception <a 'java/lang/NoSuchMethodError': <clinit>> (0x00000000e0a0ce58) thrown at [D:\src\AOSP-openjdk-cygwin\jdk8u\hotspot\src\share\vm\prims\jni.cpp, line 1613]
Event: 10.496 Thread 0x00000000197da800 Exception <a 'java/lang/NoSuchMethodError': <clinit>> (0x00000000e0a181f8) thrown at [D:\src\AOSP-openjdk-cygwin\jdk8u\hotspot\src\share\vm\prims\jni.cpp, line 1613]
Event: 10.507 Thread 0x00000000197da800 Exception <a 'java/lang/NoSuchMethodError': <clinit>> (0x00000000e0a23b20) thrown at [D:\src\AOSP-openjdk-cygwin\jdk8u\hotspot\src\share\vm\prims\jni.cpp, line 1613]
Event: 10.523 Thread 0x00000000197da800 Exception <a 'java/lang/NoSuchMethodError': <clinit>> (0x00000000e0a4a190) thrown at [D:\src\AOSP-openjdk-cygwin\jdk8u\hotspot\src\share\vm\prims\jni.cpp, line 1613]
Event: 10.572 Thread 0x0000000017e2c800 Exception <a 'java/lang/NoSuchMethodError': <clinit>> (0x00000000e0b33700) thrown at [D:\src\AOSP-openjdk-cygwin\jdk8u\hotspot\src\share\vm\prims\jni.cpp, line 1613]
Event: 10.573 Thread 0x0000000017e2c800 Exception <a 'java/lang/NoSuchMethodError': <clinit>> (0x00000000e0b3b988) thrown at [D:\src\AOSP-openjdk-cygwin\jdk8u\hotspot\src\share\vm\prims\jni.cpp, line 1613]

Events (10 events):
Event: 11.066 loading class org/gradle/cache/CacheDecorator
Event: 11.066 loading class org/gradle/cache/CacheDecorator done
Event: 11.066 loading class org/gradle/cache/internal/MultiProcessSafeAsyncPersistentIndexedCache
Event: 11.066 loading class org/gradle/cache/internal/MultiProcessSafeAsyncPersistentIndexedCache done
Event: 11.067 loading class org/gradle/cache/UnitOfWorkParticipant
Event: 11.067 loading class org/gradle/cache/UnitOfWorkParticipant done
Event: 11.067 loading class org/gradle/cache/internal/DefaultCacheRepository$PersistentCacheBuilder
Event: 11.067 loading class org/gradle/cache/internal/DefaultCacheRepository$PersistentCacheBuilder done
Event: 11.068 loading class org/gradle/cache/CacheBuilder$LockTarget
Event: 11.068 loading class org/gradle/cache/CacheBuilder$LockTarget done


Dynamic libraries:
0x00007ff6c0240000 - 0x00007ff6c0271000 	C:\Program Files\Android\Android Studio1\jre\bin\java.exe
0x00007ffb2af60000 - 0x00007ffb2b141000 	C:\WINDOWS\SYSTEM32\ntdll.dll
0x00007ffb28ba0000 - 0x00007ffb28c52000 	C:\WINDOWS\System32\KERNEL32.DLL
0x00007ffb280f0000 - 0x00007ffb28363000 	C:\WINDOWS\System32\KERNELBASE.dll
0x00007ffb28c60000 - 0x00007ffb28d01000 	C:\WINDOWS\System32\ADVAPI32.dll
0x00007ffb29090000 - 0x00007ffb2912e000 	C:\WINDOWS\System32\msvcrt.dll
0x00007ffb2aca0000 - 0x00007ffb2acfb000 	C:\WINDOWS\System32\sechost.dll
0x00007ffb2ad10000 - 0x00007ffb2ae34000 	C:\WINDOWS\System32\RPCRT4.dll
0x00007ffb284c0000 - 0x00007ffb28650000 	C:\WINDOWS\System32\USER32.dll
0x00007ffb27820000 - 0x00007ffb27840000 	C:\WINDOWS\System32\win32u.dll
0x00007ffb2ae50000 - 0x00007ffb2ae78000 	C:\WINDOWS\System32\GDI32.dll
0x00007ffb27680000 - 0x00007ffb27812000 	C:\WINDOWS\System32\gdi32full.dll
0x00007ffb28050000 - 0x00007ffb280ef000 	C:\WINDOWS\System32\msvcp_win.dll
0x00007ffb27580000 - 0x00007ffb27678000 	C:\WINDOWS\System32\ucrtbase.dll
0x00007ffb15760000 - 0x00007ffb159c9000 	C:\WINDOWS\WinSxS\amd64_microsoft.windows.common-controls_6595b64144ccf1df_6.0.17134.648_none_fb45a0e93062a6d2\COMCTL32.dll
0x00007ffb29130000 - 0x00007ffb29452000 	C:\WINDOWS\System32\combase.dll
0x00007ffb28370000 - 0x00007ffb283ea000 	C:\WINDOWS\System32\bcryptPrimitives.dll
0x00007ffb2ab20000 - 0x00007ffb2ab4d000 	C:\WINDOWS\System32\IMM32.DLL
0x000000006faf0000 - 0x000000006fbc2000 	C:\Program Files\Android\Android Studio1\jre\jre\bin\msvcr100.dll
0x000000006ebb0000 - 0x000000006f3f1000 	C:\Program Files\Android\Android Studio1\jre\jre\bin\server\jvm.dll
0x00007ffb28d10000 - 0x00007ffb28d18000 	C:\WINDOWS\System32\PSAPI.DLL
0x00007ffb16070000 - 0x00007ffb1607a000 	C:\WINDOWS\SYSTEM32\VERSION.dll
0x00007ffb25140000 - 0x00007ffb25163000 	C:\WINDOWS\SYSTEM32\WINMM.dll
0x00007ffb25020000 - 0x00007ffb2504a000 	C:\WINDOWS\SYSTEM32\winmmbase.dll
0x00007ffb27840000 - 0x00007ffb27889000 	C:\WINDOWS\System32\cfgmgr32.dll
0x00007ffb25e80000 - 0x00007ffb25e89000 	C:\WINDOWS\SYSTEM32\WSOCK32.dll
0x00007ffb28d20000 - 0x00007ffb28d8c000 	C:\WINDOWS\System32\WS2_32.dll
0x00007ffb16d00000 - 0x00007ffb16d0f000 	C:\Program Files\Android\Android Studio1\jre\jre\bin\verify.dll
0x00007ffaff7f0000 - 0x00007ffaff819000 	C:\Program Files\Android\Android Studio1\jre\jre\bin\java.dll
0x00007ffb03cb0000 - 0x00007ffb03cc6000 	C:\Program Files\Android\Android Studio1\jre\jre\bin\zip.dll
0x00007ffb296e0000 - 0x00007ffb2ab20000 	C:\WINDOWS\System32\SHELL32.dll
0x00007ffb2ae80000 - 0x00007ffb2af29000 	C:\WINDOWS\System32\shcore.dll
0x00007ffb27940000 - 0x00007ffb2804d000 	C:\WINDOWS\System32\windows.storage.dll
0x00007ffb2ab50000 - 0x00007ffb2aba1000 	C:\WINDOWS\System32\shlwapi.dll
0x00007ffb27310000 - 0x00007ffb27321000 	C:\WINDOWS\System32\kernel.appcore.dll
0x00007ffb272f0000 - 0x00007ffb2730f000 	C:\WINDOWS\System32\profapi.dll
0x00007ffb27280000 - 0x00007ffb272cc000 	C:\WINDOWS\System32\powrprof.dll
0x00007ffb27270000 - 0x00007ffb2727a000 	C:\WINDOWS\System32\FLTLIB.DLL
0x00007ffb00480000 - 0x00007ffb0049a000 	C:\Program Files\Android\Android Studio1\jre\jre\bin\net.dll
0x00007ffb26a90000 - 0x00007ffb26af6000 	C:\WINDOWS\system32\mswsock.dll
0x00007ffaff780000 - 0x00007ffaff791000 	C:\Program Files\Android\Android Studio1\jre\jre\bin\nio.dll
0x00007ffb182c0000 - 0x00007ffb182de000 	C:\Users\LeeYoungJae\.gradle\native\25\windows-amd64\native-platform.dll
0x00007ffb05ea0000 - 0x00007ffb05ead000 	C:\Program Files\Android\Android Studio1\jre\jre\bin\management.dll
0x00007ffb26c40000 - 0x00007ffb26c57000 	C:\WINDOWS\SYSTEM32\CRYPTSP.dll
0x00007ffb26670000 - 0x00007ffb266a3000 	C:\WINDOWS\system32\rsaenh.dll
0x00007ffb26dd0000 - 0x00007ffb26df5000 	C:\WINDOWS\SYSTEM32\bcrypt.dll
0x00007ffb27170000 - 0x00007ffb27198000 	C:\WINDOWS\SYSTEM32\USERENV.dll
0x00007ffb26c60000 - 0x00007ffb26c6b000 	C:\WINDOWS\SYSTEM32\CRYPTBASE.dll
0x00007ffb26810000 - 0x00007ffb26848000 	C:\WINDOWS\SYSTEM32\IPHLPAPI.DLL
0x00007ffb2ad00000 - 0x00007ffb2ad08000 	C:\WINDOWS\System32\NSI.dll
0x00007ffb1a4a0000 - 0x00007ffb1a4b6000 	C:\WINDOWS\SYSTEM32\dhcpcsvc6.DLL
0x00007ffb1a480000 - 0x00007ffb1a49a000 	C:\WINDOWS\SYSTEM32\dhcpcsvc.DLL

VM Arguments:
jvm_args: -Xmx1536m -Dfile.encoding=x-windows-949 -Duser.country=KR -Duser.language=ko -Duser.variant 
java_command: org.gradle.launcher.daemon.bootstrap.GradleDaemon 4.6
java_class_path (initial): C:\Users\LeeYoungJae\.gradle\wrapper\dists\gradle-4.6-all\bcst21l2brirad8k2ben1letg\gradle-4.6\lib\gradle-launcher-4.6.jar
Launcher Type: SUN_STANDARD

Environment Variables:
JAVA_HOME=C:\Program Files\Java\jdk1.8.0_151
JRE_HOME=C:\Program Files\Java\jre1.8.0_171
CLASSPATH=%CLASSPATH%;.;.;.
PATH=C:\Program Files (x86)\NAT Service;C:\Program Files (x86)\Common Files\Oracle\Java\javapath;C:\ProgramData\Oracle\Java\javapath;C:\WINDOWS\system32;C:\WINDOWS;C:\WINDOWS\System32\Wbem;C:\WINDOWS\System32\WindowsPowerShell\v1.0\;C:\Program Files (x86)\python\Scripts\;C:\Program Files\Intel\WiFi\bin\;C:\Program Files\Common Files\Intel\WirelessCommon\;C:\Program Files\Microsoft SQL Server\Client SDK\ODBC\110\Tools\Binn\;C:\Program Files (x86)\Microsoft SQL Server\120\Tools\Binn\;C:\Program Files\Microsoft SQL Server\120\Tools\Binn\;C:\Program Files\Microsoft SQL Server\120\DTS\Binn\;C:\Program Files\Java\jdk1.8.0_151\bin;D:\ProgramFiles\Rational\common;C:\Program Files\Microsoft SQL Server\110\Tools\Binn\;C:\python27;c:\Program Files (x86)\Microsoft SQL Server\90\Tools\binn\;C:\Program Files\dotnet\;C:\opencv\build\x64\vc14\bin\;C:\Program Files (x86)\GtkSharp\2.12\bin;C:\Program Files\Git\cmd;C:\Program Files\Git\mingw64\bin;C:\Program Files\Git\usr\bin;C:\WINDOWS\System32\OpenSSH\;C:\Users\LeeYoungJae\Anaconda3;C:\Users\LeeYoungJae\Anaconda3\Library\mingw-w64\bin;C:\Users\LeeYoungJae\Anaconda3\Library\usr\bin;C:\Users\LeeYoungJae\Anaconda3\Library\bin;C:\Users\LeeYoungJae\Anaconda3\Scripts;C:\Users\LeeYoungJae\AppData\Local\Microsoft\WindowsApps;C:\Users\LeeYoungJae\AppData\Local\atom\bin;C:\Program Files\Java\jdk1.8.0_121\bin;C:\Users\LeeYoungJae\AppData\Local\Microsoft\WindowsApps;C:\Program Files\Apache Software Foundation\Tomcat 8.0\bin;C:\Program Files\Apache Software Foundation\Tomcat 8.0\lib;;C:\Program Files\Docker Toolbox
USERNAME=LeeYoungJae
OS=Windows_NT
PROCESSOR_IDENTIFIER=Intel64 Family 6 Model 78 Stepping 3, GenuineIntel



---------------  S Y S T E M  ---------------

OS: Windows 10.0 , 64 bit Build 17134 (10.0.17134.648)

CPU:total 4 (initial active 4) (2 cores per cpu, 2 threads per core) family 6 model 78 stepping 3, cmov, cx8, fxsr, mmx, sse, sse2, sse3, ssse3, sse4.1, sse4.2, popcnt, avx, avx2, aes, clmul, erms, 3dnowpref, lzcnt, ht, tsc, tscinvbit, bmi1, bmi2, adx

Memory: 4k page, physical 7959032k(384680k free), swap 32076280k(84k free)

vm_info: OpenJDK 64-Bit Server VM (25.152-b06) for windows-amd64 JRE (1.8.0_152-release-1136-b06), built by "builder" with MS VC++ 10.0 (VS2010)

time: Tue Apr 02 10:16:47 2019
elapsed time: 11 seconds (0d 0h 0m 11s)

